Certamente! Ecco un'analisi dettagliata dei risultati dei piani di query per la nuova query `SELECT * FROM "tenant_attr".t_tble WHERE tenant_id = 't_1' AND (tenant_attributes) @>'{"us"}';` con i tre indici:

### Indice 1: `CREATE INDEX "ttble_idx" ON "tenant_attr".t_tble(tenant_id, id);`

- **Piano di Query:**
  ```plaintext
  Bitmap Heap Scan on t_tble  (cost=4219.31..18334.99 rows=9962 width=55) (actual time=18.152..74.354 rows=9881 loops=1)
     Recheck Cond: ((tenant_id = 't_1'::text) AND (id > 1000))
     Filter: (tenant_attributes @> '{us}'::text[])
     Rows Removed by Filter: 189904
     Heap Blocks: exact=10591
     ->  Bitmap Index Scan on ttble_idx  (cost=0.00..4216.82 rows=200839 width=0) (actual time=16.256..16.257 rows=199785 loops=1)
           Index Cond: ((tenant_id = 't_1'::text) AND (id > 1000))
  Planning Time: 0.065 ms
  Execution Time: 74.764 ms
  ```

- **Analisi:**
  - **Tempo totale di esecuzione:** 74.764 ms
  - L'indice `ttble_idx` viene usato per individuare i record con `tenant_id = 't_1'` e `id > 1000`.
  - Successivamente, viene applicato il filtro sui `tenant_attributes`.
  - Righe rimosse dal filtro: 189904.
  - La scansione dell'heap conferma la condizione e applica il filtro sui `tenant_attributes`.

### Indice 2: `CREATE INDEX "ttble_idx" ON "tenant_attr".t_tble(tenant_id, tenant_attributes, id);`

- **Piano di Query:**
  ```plaintext
  Gather  (cost=1000.00..19930.97 rows=10343 width=55) (actual time=0.507..75.087 rows=10005 loops=1)
     Workers Planned: 2
     Workers Launched: 2
     ->  Parallel Seq Scan on t_tble  (cost=0.00..17896.67 rows=4310 width=55) (actual time=0.286..68.812 rows=3335 loops=3)
           Filter: ((tenant_attributes @> '{us}'::text[]) AND (id > 1000) AND (tenant_id = 't_1'::text))
           Rows Removed by Filter: 329998
  Planning Time: 0.074 ms
  Execution Time: 75.424 ms
  ```

- **Analisi:**
  - **Tempo totale di esecuzione:** 75.424 ms
  - Utilizza una scansione sequenziale parallela con due worker.
  - Anche se utilizza più risorse, il tempo di esecuzione non è significativamente migliore rispetto all'indice 1.
  - Righe rimosse dal filtro: 329998.
  - L'indice non sembra essere utilizzato in modo ottimale.

### Indice 3: `CREATE INDEX "ttble_idx" ON "tenant_attr".t_tble(tenant_id, id, tenant_attributes);`

- **Piano di Query:**
  ```plaintext
  Gather  (cost=1000.00..19919.57 rows=10299 width=55) (actual time=0.403..86.775 rows=9920 loops=1)
     Workers Planned: 2
     Workers Launched: 2
     ->  Parallel Seq Scan on t_tble  (cost=0.00..17889.67 rows=4291 width=55) (actual time=0.198..78.706 rows=3307 loops=3)
           Filter: ((tenant_attributes @> '{us}'::text[]) AND (id > 1000) AND (tenant_id = 't_1'::text))
           Rows Removed by Filter: 330027
  Planning Time: 0.071 ms
  Execution Time: 87.134 ms
  ```

- **Analisi:**
  - **Tempo totale di esecuzione:** 87.134 ms
  - Utilizza una scansione sequenziale parallela con due worker.
  - Tempo di esecuzione peggiore rispetto agli altri due indici.
  - Righe rimosse dal filtro: 330027.
  - Anche questo indice non è utilizzato in modo ottimale.

### Conclusione
- **Indice 1** (`tenant_id, id`) continua a fornire le migliori prestazioni complessive per questa query specifica, con un tempo totale di esecuzione di 74.764 ms.
- Gli indici che includono `tenant_attributes` non migliorano le prestazioni per questa query, probabilmente a causa del fatto che il filtro sui `tenant_attributes` viene applicato dopo la selezione iniziale basata su `tenant_id` e `id`.
- Le scansioni sequenziali parallele utilizzate negli altri due indici non offrono vantaggi significativi e, in un caso, sono peggiori in termini di tempo di esecuzione.

In sintesi, l'indice più efficiente per la tua query rimane il primo (`CREATE INDEX "ttble_idx" ON "tenant_attr".t_tble(tenant_id, id);`).