Analizzare i risultati dei piani di query con diversi indici può aiutare a capire quale configurazione di indice offre le migliori prestazioni per la tua query specifica. Ecco una disamina dettagliata dei risultati ottenuti con i tre indici:

### Indice 1: `CREATE INDEX "ttble_idx" ON "tenant_attr".t_tble(tenant_id, id);`

- **Piano di Query:**
  ```plaintext
  Bitmap Heap Scan on t_tble  (cost=4267.02..18382.71 rows=200839 width=55) (actual time=16.490..78.534 rows=199785 loops=1)
     Recheck Cond: ((tenant_id = 't_1'::text) AND (id > 1000))
     Filter: (tenant_attributes @> '{}'::text[])
     Heap Blocks: exact=10591
     ->  Bitmap Index Scan on ttble_idx  (cost=0.00..4216.82 rows=200839 width=0) (actual time=14.651..14.651 rows=199785 loops=1)
           Index Cond: ((tenant_id = 't_1'::text) AND (id > 1000))
  Planning Time: 0.453 ms
  Execution Time: 83.426 ms
  ```

- **Analisi:**
  - **Tempo totale di esecuzione:** 83.426 ms
  - L'indice `ttble_idx` viene utilizzato efficacemente per trovare i record con `tenant_id = 't_1'` e `id > 1000`.
  - Successivamente, viene applicato un filtro sui `tenant_attributes`.
  - La scansione dell'heap richiede una riconferma della condizione e un filtro aggiuntivo sui `tenant_attributes`.

### Indice 2: `CREATE INDEX "ttble_idx" ON "tenant_attr".t_tble(tenant_id, tenant_attributes, id);`

- **Piano di Query:**
  ```plaintext
  Bitmap Heap Scan on t_tble  (cost=12210.19..26345.89 rows=201754 width=55) (actual time=36.808..113.178 rows=199586 loops=1)
     Recheck Cond: ((tenant_id = 't_1'::text) AND (id > 1000))
     Filter: (tenant_attributes @> '{}'::text[])
     Heap Blocks: exact=10595
     ->  Bitmap Index Scan on ttble_idx  (cost=0.00..12159.75 rows=201754 width=0) (actual time=35.098..35.099 rows=199586 loops=1)
           Index Cond: ((tenant_id = 't_1'::text) AND (id > 1000))
  Planning Time: 0.500 ms
  Execution Time: 118.251 ms
  ```

- **Analisi:**
  - **Tempo totale di esecuzione:** 118.251 ms
  - Anche se l'indice include `tenant_attributes`, il piano di query mostra che la condizione di filtro `(tenant_attributes @> '{}'::text[])` viene comunque applicata dopo aver trovato i record con `tenant_id = 't_1'` e `id > 1000`.
  - Questo indice risulta meno efficiente rispetto all'indice 1 per questa query specifica.

### Indice 3: `CREATE INDEX "ttble_idx" ON "tenant_attr".t_tble(tenant_id, id, tenant_attributes);`

- **Piano di Query:**
  ```plaintext
  Bitmap Heap Scan on t_tble  (cost=11422.27..25526.83 rows=200375 width=55) (actual time=24.269..91.142 rows=198960 loops=1)
     Recheck Cond: ((tenant_id = 't_1'::text) AND (id > 1000))
     Filter: (tenant_attributes @> '{}'::text[])
     Heap Blocks: exact=10588
     ->  Bitmap Index Scan on ttble_idx  (cost=0.00..11372.17 rows=200375 width=0) (actual time=22.944..22.945 rows=198960 loops=1)
           Index Cond: ((tenant_id = 't_1'::text) AND (id > 1000))
  Planning Time: 0.602 ms
  Execution Time: 96.058 ms
  ```

- **Analisi:**
  - **Tempo totale di esecuzione:** 96.058 ms
  - Simile all'indice 1, ma con prestazioni leggermente peggiori.
  - Anche in questo caso, il filtro su `tenant_attributes` viene applicato dopo aver identificato i record con `tenant_id = 't_1'` e `id > 1000`.

### Conclusione
- **Indice 1** (`tenant_id, id`) offre le migliori prestazioni complessive per questa query specifica, con un tempo totale di esecuzione di 83.426 ms.
- Gli indici che includono `tenant_attributes` non migliorano le prestazioni per questa query, poiché il filtro `(tenant_attributes @> '{}'::text[])` viene comunque applicato dopo la selezione iniziale basata su `tenant_id` e `id`.

In base a questi risultati, l'indice più efficace per la query specifica che hai eseguito è il primo (`CREATE INDEX "ttble_idx" ON "tenant_attr".t_tble(tenant_id, id);`).